-------------------------------------------------------------------------------
Test set: com.mulesoft.training.HelloMavenTest
-------------------------------------------------------------------------------
Tests run: 2, Failures: 1, Errors: 0, Skipped: 0, Time elapsed: 14.491 sec <<< FAILURE! - in com.mulesoft.training.HelloMavenTest
retrieveFlightsAddsAppropriateHeader(com.mulesoft.training.HelloMavenTest)  Time elapsed: 5.241 sec  <<< FAILURE!
java.lang.AssertionError: expected:<application/json> but was:<null>
	at com.mulesoft.training.HelloMavenTest.retrieveFlightsAddsAppropriateHeader(HelloMavenTest.java:19)

